<?xml version="1.0" encoding="UTF-8"?>
<testsuite name="invoice.InvoiceserviceTest" tests="1" skipped="0" failures="0" errors="0" timestamp="2019-12-17T05:29:08" hostname="admin1-desktop" time="0.003">
  <properties/>
  <testcase name="givenUserIdRides_forPrimiumUser_shouldReturnInvoiceSummary" classname="invoice.InvoiceserviceTest" time="0.003"/>
  <system-out><![CDATA[]]></system-out>
  <system-err><![CDATA[]]></system-err>
</testsuite>
